stdio    D         file_stdio.c:110  file_stdio_fopen                 [   0.00000] opening C:\Users\Cameron\Desktop\clab\bin\Debug\allegro5.cfg r
system   D            wsystem.c:874  _al_win_safe_load_library        [   0.00000] PathFindOnPath found: C:\WINDOWS\system32\shcore.dll
system   D            wsystem.c:780  load_library_at_path             [   0.00000] Calling LoadLibrary C:\WINDOWS\system32\shcore.dll
system   I            wsystem.c:783  load_library_at_path             [   0.00000] Loaded C:\WINDOWS\system32\shcore.dll
system   I             system.c:271  al_install_system                [   0.00000] Allegro version: 5.2.7
system   D            wsystem.c:874  _al_win_safe_load_library        [   0.00019] PathFindOnPath found: C:\WINDOWS\system32\d3d9.dll
system   D            wsystem.c:780  load_library_at_path             [   0.00022] Calling LoadLibrary C:\WINDOWS\system32\d3d9.dll
system   I            wsystem.c:783  load_library_at_path             [   0.00087] Loaded C:\WINDOWS\system32\d3d9.dll
d3d      I         d3d_disp.cpp:684  d3d_init_display                 [   0.02467] Render-to-texture: 1
d3d      I         d3d_disp.cpp:1782 d3d_create_display_locked        [   0.02663] faux_fullscreen=0
d3d      D         d3d_disp.cpp:1783 d3d_create_display_locked        [   0.02668] al_display=0000000000689270
d3d      D         d3d_disp.cpp:1784 d3d_create_display_locked        [   0.02669] al_display->vt=0000000000689100
d3d      I d3d_display_formats.cpp:144  _al_d3d_generate_display_format_list [   0.03133] found 160 format combinations
display  D   display_settings.c:212  debug_display_settings           [   0.03135] color: 32 (rgba 8880), depth: 0, stencil: 0, acc: 0000, samples: 0/0
display  D   display_settings.c:527  _al_score_display_settings       [   0.03137] Score is : 897
display  D   display_settings.c:212  debug_display_settings           [   0.03138] color: 32 (rgba 8880), depth: 0, stencil: 0, acc: 0000, samples: 0/0
display  D   display_settings.c:527  _al_score_display_settings       [   0.03139] Score is : 897
display  D   display_settings.c:212  debug_display_settings           [   0.03140] color: 32 (rgba 8880), depth: 0, stencil: 0, acc: 0000, samples: 2/1
display  D   display_settings.c:527  _al_score_display_settings       [   0.03141] Score is : 726
display  D   display_settings.c:212  debug_display_settings           [   0.03142] color: 32 (rgba 8880), depth: 0, stencil: 0, acc: 0000, samples: 3/1
display  D   display_settings.c:527  _al_score_display_settings       [   0.03143] Score is : 721
display  D   display_settings.c:212  debug_display_settings           [   0.03144] color: 32 (rgba 8880), depth: 0, stencil: 0, acc: 0000, samples: 4/1
display  D   display_settings.c:527  _al_score_display_settings       [   0.03145] Score is : 717
display  D   display_settings.c:212  debug_display_settings           [   0.03146] color: 32 (rgba 8880), depth: 24, stencil: 8, acc: 0000, samples: 0/0
display  D   display_settings.c:527  _al_score_display_settings       [   0.03148] Score is : 897
display  D   display_settings.c:212  debug_display_settings           [   0.03148] color: 32 (rgba 8880), depth: 24, stencil: 8, acc: 0000, samples: 0/0
display  D   display_settings.c:527  _al_score_display_settings       [   0.03150] Score is : 897
display  D   display_settings.c:212  debug_display_settings           [   0.03151] color: 32 (rgba 8880), depth: 24, stencil: 8, acc: 0000, samples: 2/1
display  D   display_settings.c:527  _al_score_display_settings       [   0.03152] Score is : 726
display  D   display_settings.c:212  debug_display_settings           [   0.03153] color: 32 (rgba 8880), depth: 24, stencil: 8, acc: 0000, samples: 3/1
display  D   display_settings.c:527  _al_score_display_settings       [   0.03154] Score is : 721
display  D   display_settings.c:212  debug_display_settings           [   0.03155] color: 32 (rgba 8880), depth: 24, stencil: 8, acc: 0000, samples: 4/1
display  D   display_settings.c:527  _al_score_display_settings       [   0.03156] Score is : 717
display  D   display_settings.c:212  debug_display_settings           [   0.03160] color: 32 (rgba 8880), depth: 24, stencil: 0, acc: 0000, samples: 0/0
display  D   display_settings.c:527  _al_score_display_settings       [   0.03162] Score is : 897
display  D   display_settings.c:212  debug_display_settings           [   0.03163] color: 32 (rgba 8880), depth: 24, stencil: 0, acc: 0000, samples: 0/0
display  D   display_settings.c:527  _al_score_display_settings       [   0.03164] Score is : 897
display  D   display_settings.c:212  debug_display_settings           [   0.03165] color: 32 (rgba 8880), depth: 24, stencil: 0, acc: 0000, samples: 2/1
display  D   display_settings.c:527  _al_score_display_settings       [   0.03166] Score is : 726
display  D   display_settings.c:212  debug_display_settings           [   0.03167] color: 32 (rgba 8880), depth: 24, stencil: 0, acc: 0000, samples: 3/1
display  D   display_settings.c:527  _al_score_display_settings       [   0.03168] Score is : 721
display  D   display_settings.c:212  debug_display_settings           [   0.03169] color: 32 (rgba 8880), depth: 24, stencil: 0, acc: 0000, samples: 4/1
display  D   display_settings.c:527  _al_score_display_settings       [   0.03170] Score is : 717
display  D   display_settings.c:212  debug_display_settings           [   0.03171] color: 32 (rgba 8880), depth: 16, stencil: 0, acc: 0000, samples: 0/0
display  D   display_settings.c:527  _al_score_display_settings       [   0.03172] Score is : 897
display  D   display_settings.c:212  debug_display_settings           [   0.03173] color: 32 (rgba 8880), depth: 16, stencil: 0, acc: 0000, samples: 0/0
display  D   display_settings.c:527  _al_score_display_settings       [   0.03174] Score is : 897
display  D   display_settings.c:212  debug_display_settings           [   0.03175] color: 32 (rgba 8880), depth: 16, stencil: 0, acc: 0000, samples: 2/1
display  D   display_settings.c:527  _al_score_display_settings       [   0.03177] Score is : 726
display  D   display_settings.c:212  debug_display_settings           [   0.03178] color: 32 (rgba 8880), depth: 16, stencil: 0, acc: 0000, samples: 3/1
display  D   display_settings.c:527  _al_score_display_settings       [   0.03179] Score is : 721
display  D   display_settings.c:212  debug_display_settings           [   0.03180] color: 32 (rgba 8880), depth: 16, stencil: 0, acc: 0000, samples: 4/1
display  D   display_settings.c:527  _al_score_display_settings       [   0.03181] Score is : 717
display  D   display_settings.c:212  debug_display_settings           [   0.03182] color: 16 (rgba 5650), depth: 0, stencil: 0, acc: 0000, samples: 0/0
display  D   display_settings.c:527  _al_score_display_settings       [   0.03183] Score is : 897
display  D   display_settings.c:212  debug_display_settings           [   0.03184] color: 16 (rgba 5650), depth: 0, stencil: 0, acc: 0000, samples: 0/0
display  D   display_settings.c:527  _al_score_display_settings       [   0.03185] Score is : 897
display  D   display_settings.c:212  debug_display_settings           [   0.03186] color: 16 (rgba 5650), depth: 0, stencil: 0, acc: 0000, samples: 2/1
display  D   display_settings.c:527  _al_score_display_settings       [   0.03187] Score is : 726
display  D   display_settings.c:212  debug_display_settings           [   0.03188] color: 16 (rgba 5650), depth: 0, stencil: 0, acc: 0000, samples: 3/1
display  D   display_settings.c:527  _al_score_display_settings       [   0.03189] Score is : 721
display  D   display_settings.c:212  debug_display_settings           [   0.03190] color: 16 (rgba 5650), depth: 0, stencil: 0, acc: 0000, samples: 4/1
display  D   display_settings.c:527  _al_score_display_settings       [   0.03191] Score is : 717
display  D   display_settings.c:212  debug_display_settings           [   0.03192] color: 16 (rgba 5650), depth: 24, stencil: 8, acc: 0000, samples: 0/0
display  D   display_settings.c:527  _al_score_display_settings       [   0.03193] Score is : 897
display  D   display_settings.c:212  debug_display_settings           [   0.03194] color: 16 (rgba 5650), depth: 24, stencil: 8, acc: 0000, samples: 0/0
display  D   display_settings.c:527  _al_score_display_settings       [   0.03196] Score is : 897
display  D   display_settings.c:212  debug_display_settings           [   0.03197] color: 16 (rgba 5650), depth: 24, stencil: 8, acc: 0000, samples: 2/1
display  D   display_settings.c:527  _al_score_display_settings       [   0.03198] Score is : 726
display  D   display_settings.c:212  debug_display_settings           [   0.03199] color: 16 (rgba 5650), depth: 24, stencil: 8, acc: 0000, samples: 3/1
display  D   display_settings.c:527  _al_score_display_settings       [   0.03200] Score is : 721
display  D   display_settings.c:212  debug_display_settings           [   0.03201] color: 16 (rgba 5650), depth: 24, stencil: 8, acc: 0000, samples: 4/1
display  D   display_settings.c:527  _al_score_display_settings       [   0.03202] Score is : 717
display  D   display_settings.c:212  debug_display_settings           [   0.03203] color: 16 (rgba 5650), depth: 24, stencil: 0, acc: 0000, samples: 0/0
display  D   display_settings.c:527  _al_score_display_settings       [   0.03204] Score is : 897
display  D   display_settings.c:212  debug_display_settings           [   0.03205] color: 16 (rgba 5650), depth: 24, stencil: 0, acc: 0000, samples: 0/0
display  D   display_settings.c:527  _al_score_display_settings       [   0.03207] Score is : 897
display  D   display_settings.c:212  debug_display_settings           [   0.03208] color: 16 (rgba 5650), depth: 24, stencil: 0, acc: 0000, samples: 2/1
display  D   display_settings.c:527  _al_score_display_settings       [   0.03209] Score is : 726
display  D   display_settings.c:212  debug_display_settings           [   0.03210] color: 16 (rgba 5650), depth: 24, stencil: 0, acc: 0000, samples: 3/1
display  D   display_settings.c:527  _al_score_display_settings       [   0.03211] Score is : 721
display  D   display_settings.c:212  debug_display_settings           [   0.03212] color: 16 (rgba 5650), depth: 24, stencil: 0, acc: 0000, samples: 4/1
display  D   display_settings.c:527  _al_score_display_settings       [   0.03213] Score is : 717
display  D   display_settings.c:212  debug_display_settings           [   0.03214] color: 16 (rgba 5650), depth: 16, stencil: 0, acc: 0000, samples: 0/0
display  D   display_settings.c:527  _al_score_display_settings       [   0.03215] Score is : 897
display  D   display_settings.c:212  debug_display_settings           [   0.03216] color: 16 (rgba 5650), depth: 16, stencil: 0, acc: 0000, samples: 0/0
display  D   display_settings.c:527  _al_score_display_settings       [   0.03217] Score is : 897
display  D   display_settings.c:212  debug_display_settings           [   0.03218] color: 16 (rgba 5650), depth: 16, stencil: 0, acc: 0000, samples: 2/1
display  D   display_settings.c:527  _al_score_display_settings       [   0.03219] Score is : 726
display  D   display_settings.c:212  debug_display_settings           [   0.03220] color: 16 (rgba 5650), depth: 16, stencil: 0, acc: 0000, samples: 3/1
display  D   display_settings.c:527  _al_score_display_settings       [   0.03221] Score is : 721
display  D   display_settings.c:212  debug_display_settings           [   0.03222] color: 16 (rgba 5650), depth: 16, stencil: 0, acc: 0000, samples: 4/1
display  D   display_settings.c:527  _al_score_display_settings       [   0.03224] Score is : 717
display  D   display_settings.c:212  debug_display_settings           [   0.03225] color: 32 (rgba 8880), depth: 0, stencil: 0, acc: 0000, samples: 0/0
display  D   display_settings.c:398  _al_score_display_settings       [   0.03226] Single Buffer requirement not met.
display  D   display_settings.c:212  debug_display_settings           [   0.03227] color: 32 (rgba 8880), depth: 0, stencil: 0, acc: 0000, samples: 0/0
display  D   display_settings.c:398  _al_score_display_settings       [   0.03228] Single Buffer requirement not met.
display  D   display_settings.c:212  debug_display_settings           [   0.03229] color: 32 (rgba 8880), depth: 0, stencil: 0, acc: 0000, samples: 2/1
display  D   display_settings.c:398  _al_score_display_settings       [   0.03230] Single Buffer requirement not met.
display  D   display_settings.c:212  debug_display_settings           [   0.03231] color: 32 (rgba 8880), depth: 0, stencil: 0, acc: 0000, samples: 3/1
display  D   display_settings.c:398  _al_score_display_settings       [   0.03232] Single Buffer requirement not met.
display  D   display_settings.c:212  debug_display_settings           [   0.03233] color: 32 (rgba 8880), depth: 0, stencil: 0, acc: 0000, samples: 4/1
display  D   display_settings.c:398  _al_score_display_settings       [   0.03234] Single Buffer requirement not met.
display  D   display_settings.c:212  debug_display_settings           [   0.03235] color: 32 (rgba 8880), depth: 24, stencil: 8, acc: 0000, samples: 0/0
display  D   display_settings.c:398  _al_score_display_settings       [   0.03237] Single Buffer requirement not met.
display  D   display_settings.c:212  debug_display_settings           [   0.03238] color: 32 (rgba 8880), depth: 24, stencil: 8, acc: 0000, samples: 0/0
display  D   display_settings.c:398  _al_score_display_settings       [   0.03239] Single Buffer requirement not met.
display  D   display_settings.c:212  debug_display_settings           [   0.03240] color: 32 (rgba 8880), depth: 24, stencil: 8, acc: 0000, samples: 2/1
display  D   display_settings.c:398  _al_score_display_settings       [   0.03241] Single Buffer requirement not met.
display  D   display_settings.c:212  debug_display_settings           [   0.03242] color: 32 (rgba 8880), depth: 24, stencil: 8, acc: 0000, samples: 3/1
display  D   display_settings.c:398  _al_score_display_settings       [   0.03243] Single Buffer requirement not met.
display  D   display_settings.c:212  debug_display_settings           [   0.03244] color: 32 (rgba 8880), depth: 24, stencil: 8, acc: 0000, samples: 4/1
display  D   display_settings.c:398  _al_score_display_settings       [   0.03245] Single Buffer requirement not met.
display  D   display_settings.c:212  debug_display_settings           [   0.03246] color: 32 (rgba 8880), depth: 24, stencil: 0, acc: 0000, samples: 0/0
display  D   display_settings.c:398  _al_score_display_settings       [   0.03247] Single Buffer requirement not met.
display  D   display_settings.c:212  debug_display_settings           [   0.03248] color: 32 (rgba 8880), depth: 24, stencil: 0, acc: 0000, samples: 0/0
display  D   display_settings.c:398  _al_score_display_settings       [   0.03249] Single Buffer requirement not met.
display  D   display_settings.c:212  debug_display_settings           [   0.03251] color: 32 (rgba 8880), depth: 24, stencil: 0, acc: 0000, samples: 2/1
display  D   display_settings.c:398  _al_score_display_settings       [   0.03252] Single Buffer requirement not met.
display  D   display_settings.c:212  debug_display_settings           [   0.03253] color: 32 (rgba 8880), depth: 24, stencil: 0, acc: 0000, samples: 3/1
display  D   display_settings.c:398  _al_score_display_settings       [   0.03254] Single Buffer requirement not met.
display  D   display_settings.c:212  debug_display_settings           [   0.03255] color: 32 (rgba 8880), depth: 24, stencil: 0, acc: 0000, samples: 4/1
display  D   display_settings.c:398  _al_score_display_settings       [   0.03256] Single Buffer requirement not met.
display  D   display_settings.c:212  debug_display_settings           [   0.03257] color: 32 (rgba 8880), depth: 16, stencil: 0, acc: 0000, samples: 0/0
display  D   display_settings.c:398  _al_score_display_settings       [   0.03258] Single Buffer requirement not met.
display  D   display_settings.c:212  debug_display_settings           [   0.03259] color: 32 (rgba 8880), depth: 16, stencil: 0, acc: 0000, samples: 0/0
display  D   display_settings.c:398  _al_score_display_settings       [   0.03260] Single Buffer requirement not met.
display  D   display_settings.c:212  debug_display_settings           [   0.03262] color: 32 (rgba 8880), depth: 16, stencil: 0, acc: 0000, samples: 2/1
display  D   display_settings.c:398  _al_score_display_settings       [   0.03265] Single Buffer requirement not met.
display  D   display_settings.c:212  debug_display_settings           [   0.03266] color: 32 (rgba 8880), depth: 16, stencil: 0, acc: 0000, samples: 3/1
display  D   display_settings.c:398  _al_score_display_settings       [   0.03267] Single Buffer requirement not met.
display  D   display_settings.c:212  debug_display_settings           [   0.03269] color: 32 (rgba 8880), depth: 16, stencil: 0, acc: 0000, samples: 4/1
display  D   display_settings.c:398  _al_score_display_settings       [   0.03270] Single Buffer requirement not met.
display  D   display_settings.c:212  debug_display_settings           [   0.03271] color: 16 (rgba 5650), depth: 0, stencil: 0, acc: 0000, samples: 0/0
display  D   display_settings.c:398  _al_score_display_settings       [   0.03272] Single Buffer requirement not met.
display  D   display_settings.c:212  debug_display_settings           [   0.03273] color: 16 (rgba 5650), depth: 0, stencil: 0, acc: 0000, samples: 0/0
display  D   display_settings.c:398  _al_score_display_settings       [   0.03274] Single Buffer requirement not met.
display  D   display_settings.c:212  debug_display_settings           [   0.03275] color: 16 (rgba 5650), depth: 0, stencil: 0, acc: 0000, samples: 2/1
display  D   display_settings.c:398  _al_score_display_settings       [   0.03276] Single Buffer requirement not met.
display  D   display_settings.c:212  debug_display_settings           [   0.03277] color: 16 (rgba 5650), depth: 0, stencil: 0, acc: 0000, samples: 3/1
display  D   display_settings.c:398  _al_score_display_settings       [   0.03278] Single Buffer requirement not met.
display  D   display_settings.c:212  debug_display_settings           [   0.03279] color: 16 (rgba 5650), depth: 0, stencil: 0, acc: 0000, samples: 4/1
display  D   display_settings.c:398  _al_score_display_settings       [   0.03280] Single Buffer requirement not met.
display  D   display_settings.c:212  debug_display_settings           [   0.03281] color: 16 (rgba 5650), depth: 24, stencil: 8, acc: 0000, samples: 0/0
display  D   display_settings.c:398  _al_score_display_settings       [   0.03283] Single Buffer requirement not met.
display  D   display_settings.c:212  debug_display_settings           [   0.03284] color: 16 (rgba 5650), depth: 24, stencil: 8, acc: 0000, samples: 0/0
display  D   display_settings.c:398  _al_score_display_settings       [   0.03285] Single Buffer requirement not met.
display  D   display_settings.c:212  debug_display_settings           [   0.03286] color: 16 (rgba 5650), depth: 24, stencil: 8, acc: 0000, samples: 2/1
display  D   display_settings.c:398  _al_score_display_settings       [   0.03287] Single Buffer requirement not met.
display  D   display_settings.c:212  debug_display_settings           [   0.03288] color: 16 (rgba 5650), depth: 24, stencil: 8, acc: 0000, samples: 3/1
display  D   display_settings.c:398  _al_score_display_settings       [   0.03289] Single Buffer requirement not met.
display  D   display_settings.c:212  debug_display_settings           [   0.03290] color: 16 (rgba 5650), depth: 24, stencil: 8, acc: 0000, samples: 4/1
display  D   display_settings.c:398  _al_score_display_settings       [   0.03291] Single Buffer requirement not met.
display  D   display_settings.c:212  debug_display_settings           [   0.03292] color: 16 (rgba 5650), depth: 24, stencil: 0, acc: 0000, samples: 0/0
display  D   display_settings.c:398  _al_score_display_settings       [   0.03293] Single Buffer requirement not met.
display  D   display_settings.c:212  debug_display_settings           [   0.03294] color: 16 (rgba 5650), depth: 24, stencil: 0, acc: 0000, samples: 0/0
display  D   display_settings.c:398  _al_score_display_settings       [   0.03296] Single Buffer requirement not met.
display  D   display_settings.c:212  debug_display_settings           [   0.03297] color: 16 (rgba 5650), depth: 24, stencil: 0, acc: 0000, samples: 2/1
display  D   display_settings.c:398  _al_score_display_settings       [   0.03298] Single Buffer requirement not met.
display  D   display_settings.c:212  debug_display_settings           [   0.03299] color: 16 (rgba 5650), depth: 24, stencil: 0, acc: 0000, samples: 3/1
display  D   display_settings.c:398  _al_score_display_settings       [   0.03300] Single Buffer requirement not met.
display  D   display_settings.c:212  debug_display_settings           [   0.03301] color: 16 (rgba 5650), depth: 24, stencil: 0, acc: 0000, samples: 4/1
display  D   display_settings.c:398  _al_score_display_settings       [   0.03302] Single Buffer requirement not met.
display  D   display_settings.c:212  debug_display_settings           [   0.03303] color: 16 (rgba 5650), depth: 16, stencil: 0, acc: 0000, samples: 0/0
display  D   display_settings.c:398  _al_score_display_settings       [   0.03305] Single Buffer requirement not met.
display  D   display_settings.c:212  debug_display_settings           [   0.03306] color: 16 (rgba 5650), depth: 16, stencil: 0, acc: 0000, samples: 0/0
display  D   display_settings.c:398  _al_score_display_settings       [   0.03307] Single Buffer requirement not met.
display  D   display_settings.c:212  debug_display_settings           [   0.03308] color: 16 (rgba 5650), depth: 16, stencil: 0, acc: 0000, samples: 2/1
display  D   display_settings.c:398  _al_score_display_settings       [   0.03309] Single Buffer requirement not met.
display  D   display_settings.c:212  debug_display_settings           [   0.03310] color: 16 (rgba 5650), depth: 16, stencil: 0, acc: 0000, samples: 3/1
display  D   display_settings.c:398  _al_score_display_settings       [   0.03311] Single Buffer requirement not met.
display  D   display_settings.c:212  debug_display_settings           [   0.03312] color: 16 (rgba 5650), depth: 16, stencil: 0, acc: 0000, samples: 4/1
display  D   display_settings.c:398  _al_score_display_settings       [   0.03313] Single Buffer requirement not met.
display  D   display_settings.c:212  debug_display_settings           [   0.03314] color: 32 (rgba 8880), depth: 0, stencil: 0, acc: 0000, samples: 0/0
display  D   display_settings.c:527  _al_score_display_settings       [   0.03315] Score is : 769
display  D   display_settings.c:212  debug_display_settings           [   0.03316] color: 32 (rgba 8880), depth: 0, stencil: 0, acc: 0000, samples: 0/0
display  D   display_settings.c:527  _al_score_display_settings       [   0.03317] Score is : 769
display  D   display_settings.c:212  debug_display_settings           [   0.03318] color: 32 (rgba 8880), depth: 0, stencil: 0, acc: 0000, samples: 2/1
display  D   display_settings.c:527  _al_score_display_settings       [   0.03320] Score is : 598
display  D   display_settings.c:212  debug_display_settings           [   0.03321] color: 32 (rgba 8880), depth: 0, stencil: 0, acc: 0000, samples: 3/1
display  D   display_settings.c:527  _al_score_display_settings       [   0.03322] Score is : 593
display  D   display_settings.c:212  debug_display_settings           [   0.03323] color: 32 (rgba 8880), depth: 0, stencil: 0, acc: 0000, samples: 4/1
display  D   display_settings.c:527  _al_score_display_settings       [   0.03324] Score is : 589
display  D   display_settings.c:212  debug_display_settings           [   0.03325] color: 32 (rgba 8880), depth: 24, stencil: 8, acc: 0000, samples: 0/0
display  D   display_settings.c:527  _al_score_display_settings       [   0.03326] Score is : 769
display  D   display_settings.c:212  debug_display_settings           [   0.03327] color: 32 (rgba 8880), depth: 24, stencil: 8, acc: 0000, samples: 0/0
display  D   display_settings.c:527  _al_score_display_settings       [   0.03328] Score is : 769
display  D   display_settings.c:212  debug_display_settings           [   0.03329] color: 32 (rgba 8880), depth: 24, stencil: 8, acc: 0000, samples: 2/1
display  D   display_settings.c:527  _al_score_display_settings       [   0.03330] Score is : 598
display  D   display_settings.c:212  debug_display_settings           [   0.03331] color: 32 (rgba 8880), depth: 24, stencil: 8, acc: 0000, samples: 3/1
display  D   display_settings.c:527  _al_score_display_settings       [   0.03333] Score is : 593
display  D   display_settings.c:212  debug_display_settings           [   0.03334] color: 32 (rgba 8880), depth: 24, stencil: 8, acc: 0000, samples: 4/1
display  D   display_settings.c:527  _al_score_display_settings       [   0.03335] Score is : 589
display  D   display_settings.c:212  debug_display_settings           [   0.03336] color: 32 (rgba 8880), depth: 24, stencil: 0, acc: 0000, samples: 0/0
display  D   display_settings.c:527  _al_score_display_settings       [   0.03337] Score is : 769
display  D   display_settings.c:212  debug_display_settings           [   0.03338] color: 32 (rgba 8880), depth: 24, stencil: 0, acc: 0000, samples: 0/0
display  D   display_settings.c:527  _al_score_display_settings       [   0.03339] Score is : 769
display  D   display_settings.c:212  debug_display_settings           [   0.03340] color: 32 (rgba 8880), depth: 24, stencil: 0, acc: 0000, samples: 2/1
display  D   display_settings.c:527  _al_score_display_settings       [   0.03341] Score is : 598
display  D   display_settings.c:212  debug_display_settings           [   0.03342] color: 32 (rgba 8880), depth: 24, stencil: 0, acc: 0000, samples: 3/1
display  D   display_settings.c:527  _al_score_display_settings       [   0.03343] Score is : 593
display  D   display_settings.c:212  debug_display_settings           [   0.03344] color: 32 (rgba 8880), depth: 24, stencil: 0, acc: 0000, samples: 4/1
display  D   display_settings.c:527  _al_score_display_settings       [   0.03345] Score is : 589
display  D   display_settings.c:212  debug_display_settings           [   0.03346] color: 32 (rgba 8880), depth: 16, stencil: 0, acc: 0000, samples: 0/0
display  D   display_settings.c:527  _al_score_display_settings       [   0.03347] Score is : 769
display  D   display_settings.c:212  debug_display_settings           [   0.03348] color: 32 (rgba 8880), depth: 16, stencil: 0, acc: 0000, samples: 0/0
display  D   display_settings.c:527  _al_score_display_settings       [   0.03350] Score is : 769
display  D   display_settings.c:212  debug_display_settings           [   0.03351] color: 32 (rgba 8880), depth: 16, stencil: 0, acc: 0000, samples: 2/1
display  D   display_settings.c:527  _al_score_display_settings       [   0.03352] Score is : 598
display  D   display_settings.c:212  debug_display_settings           [   0.03353] color: 32 (rgba 8880), depth: 16, stencil: 0, acc: 0000, samples: 3/1
display  D   display_settings.c:527  _al_score_display_settings       [   0.03354] Score is : 593
display  D   display_settings.c:212  debug_display_settings           [   0.03355] color: 32 (rgba 8880), depth: 16, stencil: 0, acc: 0000, samples: 4/1
display  D   display_settings.c:527  _al_score_display_settings       [   0.03356] Score is : 589
display  D   display_settings.c:212  debug_display_settings           [   0.03357] color: 16 (rgba 5650), depth: 0, stencil: 0, acc: 0000, samples: 0/0
display  D   display_settings.c:527  _al_score_display_settings       [   0.03358] Score is : 769
display  D   display_settings.c:212  debug_display_settings           [   0.03359] color: 16 (rgba 5650), depth: 0, stencil: 0, acc: 0000, samples: 0/0
display  D   display_settings.c:527  _al_score_display_settings       [   0.03360] Score is : 769
display  D   display_settings.c:212  debug_display_settings           [   0.03361] color: 16 (rgba 5650), depth: 0, stencil: 0, acc: 0000, samples: 2/1
display  D   display_settings.c:527  _al_score_display_settings       [   0.03362] Score is : 598
display  D   display_settings.c:212  debug_display_settings           [   0.03363] color: 16 (rgba 5650), depth: 0, stencil: 0, acc: 0000, samples: 3/1
display  D   display_settings.c:527  _al_score_display_settings       [   0.03364] Score is : 593
display  D   display_settings.c:212  debug_display_settings           [   0.03366] color: 16 (rgba 5650), depth: 0, stencil: 0, acc: 0000, samples: 4/1
display  D   display_settings.c:527  _al_score_display_settings       [   0.03367] Score is : 589
display  D   display_settings.c:212  debug_display_settings           [   0.03368] color: 16 (rgba 5650), depth: 24, stencil: 8, acc: 0000, samples: 0/0
display  D   display_settings.c:527  _al_score_display_settings       [   0.03369] Score is : 769
display  D   display_settings.c:212  debug_display_settings           [   0.03370] color: 16 (rgba 5650), depth: 24, stencil: 8, acc: 0000, samples: 0/0
display  D   display_settings.c:527  _al_score_display_settings       [   0.03371] Score is : 769
display  D   display_settings.c:212  debug_display_settings           [   0.03372] color: 16 (rgba 5650), depth: 24, stencil: 8, acc: 0000, samples: 2/1
display  D   display_settings.c:527  _al_score_display_settings       [   0.03373] Score is : 598
display  D   display_settings.c:212  debug_display_settings           [   0.03374] color: 16 (rgba 5650), depth: 24, stencil: 8, acc: 0000, samples: 3/1
display  D   display_settings.c:527  _al_score_display_settings       [   0.03375] Score is : 593
display  D   display_settings.c:212  debug_display_settings           [   0.03376] color: 16 (rgba 5650), depth: 24, stencil: 8, acc: 0000, samples: 4/1
display  D   display_settings.c:527  _al_score_display_settings       [   0.03377] Score is : 589
display  D   display_settings.c:212  debug_display_settings           [   0.03378] color: 16 (rgba 5650), depth: 24, stencil: 0, acc: 0000, samples: 0/0
display  D   display_settings.c:527  _al_score_display_settings       [   0.03380] Score is : 769
display  D   display_settings.c:212  debug_display_settings           [   0.03381] color: 16 (rgba 5650), depth: 24, stencil: 0, acc: 0000, samples: 0/0
display  D   display_settings.c:527  _al_score_display_settings       [   0.03382] Score is : 769
display  D   display_settings.c:212  debug_display_settings           [   0.03383] color: 16 (rgba 5650), depth: 24, stencil: 0, acc: 0000, samples: 2/1
display  D   display_settings.c:527  _al_score_display_settings       [   0.03384] Score is : 598
display  D   display_settings.c:212  debug_display_settings           [   0.03385] color: 16 (rgba 5650), depth: 24, stencil: 0, acc: 0000, samples: 3/1
display  D   display_settings.c:527  _al_score_display_settings       [   0.03386] Score is : 593
display  D   display_settings.c:212  debug_display_settings           [   0.03387] color: 16 (rgba 5650), depth: 24, stencil: 0, acc: 0000, samples: 4/1
display  D   display_settings.c:527  _al_score_display_settings       [   0.03388] Score is : 589
display  D   display_settings.c:212  debug_display_settings           [   0.03389] color: 16 (rgba 5650), depth: 16, stencil: 0, acc: 0000, samples: 0/0
display  D   display_settings.c:527  _al_score_display_settings       [   0.03390] Score is : 769
display  D   display_settings.c:212  debug_display_settings           [   0.03391] color: 16 (rgba 5650), depth: 16, stencil: 0, acc: 0000, samples: 0/0
display  D   display_settings.c:527  _al_score_display_settings       [   0.03392] Score is : 769
display  D   display_settings.c:212  debug_display_settings           [   0.03393] color: 16 (rgba 5650), depth: 16, stencil: 0, acc: 0000, samples: 2/1
display  D   display_settings.c:527  _al_score_display_settings       [   0.03394] Score is : 598
display  D   display_settings.c:212  debug_display_settings           [   0.03395] color: 16 (rgba 5650), depth: 16, stencil: 0, acc: 0000, samples: 3/1
display  D   display_settings.c:527  _al_score_display_settings       [   0.03396] Score is : 593
display  D   display_settings.c:212  debug_display_settings           [   0.03397] color: 16 (rgba 5650), depth: 16, stencil: 0, acc: 0000, samples: 4/1
display  D   display_settings.c:527  _al_score_display_settings       [   0.03399] Score is : 589
display  D   display_settings.c:212  debug_display_settings           [   0.03400] color: 32 (rgba 8880), depth: 0, stencil: 0, acc: 0000, samples: 0/0
display  D   display_settings.c:398  _al_score_display_settings       [   0.03402] Single Buffer requirement not met.
display  D   display_settings.c:212  debug_display_settings           [   0.03403] color: 32 (rgba 8880), depth: 0, stencil: 0, acc: 0000, samples: 0/0
display  D   display_settings.c:398  _al_score_display_settings       [   0.03405] Single Buffer requirement not met.
display  D   display_settings.c:212  debug_display_settings           [   0.03406] color: 32 (rgba 8880), depth: 0, stencil: 0, acc: 0000, samples: 2/1
display  D   display_settings.c:398  _al_score_display_settings       [   0.03407] Single Buffer requirement not met.
display  D   display_settings.c:212  debug_display_settings           [   0.03408] color: 32 (rgba 8880), depth: 0, stencil: 0, acc: 0000, samples: 3/1
display  D   display_settings.c:398  _al_score_display_settings       [   0.03409] Single Buffer requirement not met.
display  D   display_settings.c:212  debug_display_settings           [   0.03410] color: 32 (rgba 8880), depth: 0, stencil: 0, acc: 0000, samples: 4/1
display  D   display_settings.c:398  _al_score_display_settings       [   0.03411] Single Buffer requirement not met.
display  D   display_settings.c:212  debug_display_settings           [   0.03412] color: 32 (rgba 8880), depth: 24, stencil: 8, acc: 0000, samples: 0/0
display  D   display_settings.c:398  _al_score_display_settings       [   0.03413] Single Buffer requirement not met.
display  D   display_settings.c:212  debug_display_settings           [   0.03414] color: 32 (rgba 8880), depth: 24, stencil: 8, acc: 0000, samples: 0/0
display  D   display_settings.c:398  _al_score_display_settings       [   0.03415] Single Buffer requirement not met.
display  D   display_settings.c:212  debug_display_settings           [   0.03416] color: 32 (rgba 8880), depth: 24, stencil: 8, acc: 0000, samples: 2/1
display  D   display_settings.c:398  _al_score_display_settings       [   0.03417] Single Buffer requirement not met.
display  D   display_settings.c:212  debug_display_settings           [   0.03418] color: 32 (rgba 8880), depth: 24, stencil: 8, acc: 0000, samples: 3/1
display  D   display_settings.c:398  _al_score_display_settings       [   0.03420] Single Buffer requirement not met.
display  D   display_settings.c:212  debug_display_settings           [   0.03421] color: 32 (rgba 8880), depth: 24, stencil: 8, acc: 0000, samples: 4/1
display  D   display_settings.c:398  _al_score_display_settings       [   0.03422] Single Buffer requirement not met.
display  D   display_settings.c:212  debug_display_settings           [   0.03423] color: 32 (rgba 8880), depth: 24, stencil: 0, acc: 0000, samples: 0/0
display  D   display_settings.c:398  _al_score_display_settings       [   0.03424] Single Buffer requirement not met.
display  D   display_settings.c:212  debug_display_settings           [   0.03425] color: 32 (rgba 8880), depth: 24, stencil: 0, acc: 0000, samples: 0/0
display  D   display_settings.c:398  _al_score_display_settings       [   0.03426] Single Buffer requirement not met.
display  D   display_settings.c:212  debug_display_settings           [   0.03427] color: 32 (rgba 8880), depth: 24, stencil: 0, acc: 0000, samples: 2/1
display  D   display_settings.c:398  _al_score_display_settings       [   0.03428] Single Buffer requirement not met.
display  D   display_settings.c:212  debug_display_settings           [   0.03429] color: 32 (rgba 8880), depth: 24, stencil: 0, acc: 0000, samples: 3/1
display  D   display_settings.c:398  _al_score_display_settings       [   0.03430] Single Buffer requirement not met.
display  D   display_settings.c:212  debug_display_settings           [   0.03431] color: 32 (rgba 8880), depth: 24, stencil: 0, acc: 0000, samples: 4/1
display  D   display_settings.c:398  _al_score_display_settings       [   0.03433] Single Buffer requirement not met.
display  D   display_settings.c:212  debug_display_settings           [   0.03434] color: 32 (rgba 8880), depth: 16, stencil: 0, acc: 0000, samples: 0/0
display  D   display_settings.c:398  _al_score_display_settings       [   0.03435] Single Buffer requirement not met.
display  D   display_settings.c:212  debug_display_settings           [   0.03436] color: 32 (rgba 8880), depth: 16, stencil: 0, acc: 0000, samples: 0/0
display  D   display_settings.c:398  _al_score_display_settings       [   0.03437] Single Buffer requirement not met.
display  D   display_settings.c:212  debug_display_settings           [   0.03438] color: 32 (rgba 8880), depth: 16, stencil: 0, acc: 0000, samples: 2/1
display  D   display_settings.c:398  _al_score_display_settings       [   0.03439] Single Buffer requirement not met.
display  D   display_settings.c:212  debug_display_settings           [   0.03440] color: 32 (rgba 8880), depth: 16, stencil: 0, acc: 0000, samples: 3/1
display  D   display_settings.c:398  _al_score_display_settings       [   0.03442] Single Buffer requirement not met.
display  D   display_settings.c:212  debug_display_settings           [   0.03443] color: 32 (rgba 8880), depth: 16, stencil: 0, acc: 0000, samples: 4/1
display  D   display_settings.c:398  _al_score_display_settings       [   0.03444] Single Buffer requirement not met.
display  D   display_settings.c:212  debug_display_settings           [   0.03445] color: 16 (rgba 5650), depth: 0, stencil: 0, acc: 0000, samples: 0/0
display  D   display_settings.c:398  _al_score_display_settings       [   0.03446] Single Buffer requirement not met.
display  D   display_settings.c:212  debug_display_settings           [   0.03447] color: 16 (rgba 5650), depth: 0, stencil: 0, acc: 0000, samples: 0/0
display  D   display_settings.c:398  _al_score_display_settings       [   0.03448] Single Buffer requirement not met.
display  D   display_settings.c:212  debug_display_settings           [   0.03449] color: 16 (rgba 5650), depth: 0, stencil: 0, acc: 0000, samples: 2/1
display  D   display_settings.c:398  _al_score_display_settings       [   0.03450] Single Buffer requirement not met.
display  D   display_settings.c:212  debug_display_settings           [   0.03451] color: 16 (rgba 5650), depth: 0, stencil: 0, acc: 0000, samples: 3/1
display  D   display_settings.c:398  _al_score_display_settings       [   0.03452] Single Buffer requirement not met.
display  D   display_settings.c:212  debug_display_settings           [   0.03453] color: 16 (rgba 5650), depth: 0, stencil: 0, acc: 0000, samples: 4/1
display  D   display_settings.c:398  _al_score_display_settings       [   0.03454] Single Buffer requirement not met.
display  D   display_settings.c:212  debug_display_settings           [   0.03455] color: 16 (rgba 5650), depth: 24, stencil: 8, acc: 0000, samples: 0/0
display  D   display_settings.c:398  _al_score_display_settings       [   0.03457] Single Buffer requirement not met.
display  D   display_settings.c:212  debug_display_settings           [   0.03458] color: 16 (rgba 5650), depth: 24, stencil: 8, acc: 0000, samples: 0/0
display  D   display_settings.c:398  _al_score_display_settings       [   0.03459] Single Buffer requirement not met.
display  D   display_settings.c:212  debug_display_settings           [   0.03460] color: 16 (rgba 5650), depth: 24, stencil: 8, acc: 0000, samples: 2/1
display  D   display_settings.c:398  _al_score_display_settings       [   0.03461] Single Buffer requirement not met.
display  D   display_settings.c:212  debug_display_settings           [   0.03462] color: 16 (rgba 5650), depth: 24, stencil: 8, acc: 0000, samples: 3/1
display  D   display_settings.c:398  _al_score_display_settings       [   0.03463] Single Buffer requirement not met.
display  D   display_settings.c:212  debug_display_settings           [   0.03464] color: 16 (rgba 5650), depth: 24, stencil: 8, acc: 0000, samples: 4/1
display  D   display_settings.c:398  _al_score_display_settings       [   0.03465] Single Buffer requirement not met.
display  D   display_settings.c:212  debug_display_settings           [   0.03466] color: 16 (rgba 5650), depth: 24, stencil: 0, acc: 0000, samples: 0/0
display  D   display_settings.c:398  _al_score_display_settings       [   0.03467] Single Buffer requirement not met.
display  D   display_settings.c:212  debug_display_settings           [   0.03468] color: 16 (rgba 5650), depth: 24, stencil: 0, acc: 0000, samples: 0/0
display  D   display_settings.c:398  _al_score_display_settings       [   0.03470] Single Buffer requirement not met.
display  D   display_settings.c:212  debug_display_settings           [   0.03471] color: 16 (rgba 5650), depth: 24, stencil: 0, acc: 0000, samples: 2/1
display  D   display_settings.c:398  _al_score_display_settings       [   0.03472] Single Buffer requirement not met.
display  D   display_settings.c:212  debug_display_settings           [   0.03473] color: 16 (rgba 5650), depth: 24, stencil: 0, acc: 0000, samples: 3/1
display  D   display_settings.c:398  _al_score_display_settings       [   0.03474] Single Buffer requirement not met.
display  D   display_settings.c:212  debug_display_settings           [   0.03475] color: 16 (rgba 5650), depth: 24, stencil: 0, acc: 0000, samples: 4/1
display  D   display_settings.c:398  _al_score_display_settings       [   0.03476] Single Buffer requirement not met.
display  D   display_settings.c:212  debug_display_settings           [   0.03477] color: 16 (rgba 5650), depth: 16, stencil: 0, acc: 0000, samples: 0/0
display  D   display_settings.c:398  _al_score_display_settings       [   0.03478] Single Buffer requirement not met.
display  D   display_settings.c:212  debug_display_settings           [   0.03479] color: 16 (rgba 5650), depth: 16, stencil: 0, acc: 0000, samples: 0/0
display  D   display_settings.c:398  _al_score_display_settings       [   0.03480] Single Buffer requirement not met.
display  D   display_settings.c:212  debug_display_settings           [   0.03481] color: 16 (rgba 5650), depth: 16, stencil: 0, acc: 0000, samples: 2/1
display  D   display_settings.c:398  _al_score_display_settings       [   0.03482] Single Buffer requirement not met.
display  D   display_settings.c:212  debug_display_settings           [   0.03483] color: 16 (rgba 5650), depth: 16, stencil: 0, acc: 0000, samples: 3/1
display  D   display_settings.c:398  _al_score_display_settings       [   0.03485] Single Buffer requirement not met.
display  D   display_settings.c:212  debug_display_settings           [   0.03486] color: 16 (rgba 5650), depth: 16, stencil: 0, acc: 0000, samples: 4/1
display  D   display_settings.c:398  _al_score_display_settings       [   0.03487] Single Buffer requirement not met.
d3d      D         d3d_disp.cpp:1682 d3d_create_display_internals     [   0.03489] Trying format 0.
d3d      I         d3d_disp.cpp:1358 d3d_display_thread_proc          [   0.03504] Chose a display format: 23
d3d      I         d3d_disp.cpp:1427 d3d_display_thread_proc          [   0.03507] Normal window.
d3d      I         d3d_disp.cpp:791  d3d_create_device                [   0.07132] Using no depth stencil buffer
d3d      D         d3d_disp.cpp:853  d3d_create_device                [   0.14090] BeginScene succeeded in create_device
d3d      D         d3d_disp.cpp:861  d3d_create_device                [   0.14095] Success
d3d      D         d3d_disp.cpp:1705 d3d_create_display_internals     [   0.14101] Resumed after wait.
d3d      I         d3d_disp.cpp:1738 d3d_create_display_internals     [   0.14107] Format 0 succeeded.
d3d      D         d3d_disp.cpp:1769 d3d_create_display_internals     [   0.14109] Returning d3d_display: 0000000000689270
d3d      D         d3d_disp.cpp:1794 d3d_create_display_locked        [   0.14110] al_display=0000000000689270
d3d      D         d3d_disp.cpp:1795 d3d_create_display_locked        [   0.14111] al_display->vt=0000000000689100
system   D            wsystem.c:874  _al_win_safe_load_library        [   0.14127] PathFindOnPath found: C:\WINDOWS\system32\d3dx9_43.dll
system   D            wsystem.c:780  load_library_at_path             [   0.14129] Calling LoadLibrary C:\WINDOWS\system32\d3dx9_43.dll
system   I            wsystem.c:783  load_library_at_path             [   0.14156] Loaded C:\WINDOWS\system32\d3dx9_43.dll
d3dx9    I        d3d_d3dx9.cpp:88   _imp_load_d3dx9_module_version   [   0.14159] Module "d3dx9_43.dll" loaded.
d3d      I         d3d_disp.cpp:915  d3d_destroy_display              [   2.80681] destroying display 0000000000689270 (current 0000000000000000)
d3d      D         d3d_disp.cpp:899  d3d_destroy_display_internals    [   2.81058] waiting for display 0000000000689270's thread to end
d3d      W         d3d_disp.cpp:608  d3d_destroy_device               [   2.81587] d3d_destroy_device: ref count not 0
d3d      W         d3d_disp.cpp:608  d3d_destroy_device               [   2.81590] d3d_destroy_device: ref count not 0
d3d      I         d3d_disp.cpp:1562 d3d_display_thread_proc          [   2.82104] d3d display thread exits
